<?xml version="1.0" encoding="UTF-8"?>
<robot generator="Robot 6.1.1 (Python 3.11.4 on win32)" generated="20230823 16:34:54.552" rpa="false" schemaversion="4">
<suite id="s1" name="LoginTest" source="C:\Users\Rakshith RL\PycharmProjects\pythonProject\mercurydemoproject\Testcase\LoginTest.robot">
<test id="s1-t1" name="Login Test" line="10">
<kw name="Open my browser" library="loginkeywords">
<arg>${url}</arg>
<arg>${browser}</arg>
<kw name="Open Browser" library="SeleniumLibrary">
<arg>${url}</arg>
<arg>${browser}</arg>
<doc>Opens a new browser instance to the optional ``url``.</doc>
<msg timestamp="20230823 16:34:54.737" level="INFO">Opening browser 'chrome' to base url 'https://demo.guru99.com/test/newtours/'.</msg>
<status status="PASS" starttime="20230823 16:34:54.737" endtime="20230823 16:35:04.033"/>
</kw>
<kw name="Maximize Browser Window" library="SeleniumLibrary">
<doc>Maximizes current browser window.</doc>
<status status="PASS" starttime="20230823 16:35:04.033" endtime="20230823 16:35:04.149"/>
</kw>
<status status="PASS" starttime="20230823 16:34:54.735" endtime="20230823 16:35:04.149"/>
</kw>
<kw name="Enter userName" library="loginkeywords">
<arg>admin</arg>
<kw name="Input Text" library="SeleniumLibrary">
<arg>${loginusername}</arg>
<arg>${username}</arg>
<doc>Types the given ``text`` into the text field identified by ``locator``.</doc>
<msg timestamp="20230823 16:35:04.149" level="INFO">Typing text 'admin' into text field 'xpath://input[@name='userName']'.</msg>
<status status="PASS" starttime="20230823 16:35:04.149" endtime="20230823 16:35:04.324"/>
</kw>
<status status="PASS" starttime="20230823 16:35:04.149" endtime="20230823 16:35:04.324"/>
</kw>
<kw name="Enter password" library="loginkeywords">
<arg>admin</arg>
<kw name="Input Text" library="SeleniumLibrary">
<arg>${loginpassword}</arg>
<arg>${password}</arg>
<doc>Types the given ``text`` into the text field identified by ``locator``.</doc>
<msg timestamp="20230823 16:35:04.325" level="INFO">Typing text 'admin' into text field 'xpath://input[@name='password']'.</msg>
<status status="PASS" starttime="20230823 16:35:04.324" endtime="20230823 16:35:04.424"/>
</kw>
<status status="PASS" starttime="20230823 16:35:04.324" endtime="20230823 16:35:04.424"/>
</kw>
<kw name="click on submit" library="loginkeywords">
<kw name="Click Button" library="SeleniumLibrary">
<arg>${loginbutton}</arg>
<doc>Clicks the button identified by ``locator``.</doc>
<msg timestamp="20230823 16:35:04.424" level="INFO">Clicking button 'xpath://input[@name='submit']'.</msg>
<status status="PASS" starttime="20230823 16:35:04.424" endtime="20230823 16:35:07.687"/>
</kw>
<status status="PASS" starttime="20230823 16:35:04.424" endtime="20230823 16:35:07.687"/>
</kw>
<kw name="verify" library="loginkeywords">
<kw name="Title Should Be" library="SeleniumLibrary">
<arg>Login: Mercury Tours</arg>
<doc>Verifies that the current page title equals ``title``.</doc>
<msg timestamp="20230823 16:35:07.694" level="INFO">Page title is 'Login: Mercury Tours'.</msg>
<status status="PASS" starttime="20230823 16:35:07.688" endtime="20230823 16:35:07.694"/>
</kw>
<status status="PASS" starttime="20230823 16:35:07.688" endtime="20230823 16:35:07.694"/>
</kw>
<kw name="close my browser" library="loginkeywords">
<kw name="Close Browser" library="SeleniumLibrary">
<doc>Closes the current browser.</doc>
<status status="PASS" starttime="20230823 16:35:07.695" endtime="20230823 16:35:09.873"/>
</kw>
<status status="PASS" starttime="20230823 16:35:07.695" endtime="20230823 16:35:09.873"/>
</kw>
<status status="PASS" starttime="20230823 16:34:54.735" endtime="20230823 16:35:09.873"/>
</test>
<status status="PASS" starttime="20230823 16:34:54.553" endtime="20230823 16:35:09.875"/>
</suite>
<statistics>
<total>
<stat pass="1" fail="0" skip="0">All Tests</stat>
</total>
<tag>
</tag>
<suite>
<stat pass="1" fail="0" skip="0" id="s1" name="LoginTest">LoginTest</stat>
</suite>
</statistics>
<errors>
</errors>
</robot>
